<?xml version="1.0" encoding="UTF-8"?>
<!-- Generated by org.testng.reporters.JUnitReportReporter -->
<testsuite name="app11.A" tests="1" time="17.581" ignored="0" failures="0" timestamp="01 Mar 2017 07:07:47 GMT" skipped="0" hostname="terralogic-G41T-R3" errors="0">
  <testcase name="varifyTitle" time="17.581" classname="app11.A"/>
</testsuite> <!-- app11.A -->
