<?xml version="1.0" encoding="UTF-8"?>
<!-- Generated by org.testng.reporters.JUnitReportReporter -->
<testsuite name="app1.A" tests="1" time="25.393" ignored="0" failures="0" timestamp="17 Mar 2017 10:35:48 GMT" skipped="0" hostname="terralogic-G41T-R3" errors="0">
  <testcase name="GoogleLogin" time="25.393" classname="app1.A"/>
</testsuite> <!-- app1.A -->
